2017-12-16 11:05:01 - PHP Warning:  ftp_login(): Login authentication failed in /home/dudashop/public_html/loja/admin/controller/extension/installer.php on line 294
2017-12-16 11:30:29 - PHP Warning:  ftp_login(): Login authentication failed in /home/dudashop/public_html/loja/admin/controller/extension/installer.php on line 294
2017-12-16 11:33:14 - PHP Warning:  ftp_login(): Login authentication failed in /home/dudashop/public_html/loja/admin/controller/extension/installer.php on line 294
2017-12-16 11:34:21 - PHP Warning:  ftp_login(): Login authentication failed in /home/dudashop/public_html/loja/admin/controller/extension/installer.php on line 294
2017-12-16 11:40:25 - PHP Warning:  ftp_login(): Login authentication failed in /home/dudashop/public_html/loja/admin/controller/extension/installer.php on line 294
2017-12-16 11:41:31 - PHP Warning:  ftp_login(): Login authentication failed in /home/dudashop/public_html/loja/admin/controller/extension/installer.php on line 294
2017-12-16 14:08:23 - PHP Notice:  Undefined offset: 3 in /home/dudashop/public_html/loja/catalog/view/theme/pav_styleshop/template/information/contact.tpl on line 78
2017-12-16 14:28:05 - PHP Notice:  Undefined variable: citylink_tax_class_id in /home/dudashop/public_html/loja/admin/view/template/extension/shipping/mercadoenvios5.tpl on line 93
2017-12-16 14:28:05 - PHP Notice:  Undefined variable: citylink_tax_class_id in /home/dudashop/public_html/loja/admin/view/template/extension/shipping/mercadoenvios5.tpl on line 93
2017-12-16 14:28:22 - PHP Notice:  Undefined variable: citylink_tax_class_id in /home/dudashop/public_html/loja/admin/view/template/extension/shipping/mercadoenvios5.tpl on line 93
2017-12-16 14:28:22 - PHP Notice:  Undefined variable: citylink_tax_class_id in /home/dudashop/public_html/loja/admin/view/template/extension/shipping/mercadoenvios5.tpl on line 93
2017-12-16 14:28:25 - PHP Notice:  Undefined variable: citylink_tax_class_id in /home/dudashop/public_html/loja/admin/view/template/extension/shipping/mercadoenvios5.tpl on line 93
2017-12-16 14:28:25 - PHP Notice:  Undefined variable: citylink_tax_class_id in /home/dudashop/public_html/loja/admin/view/template/extension/shipping/mercadoenvios5.tpl on line 93
2017-12-16 14:28:32 - PHP Notice:  Undefined variable: citylink_tax_class_id in /home/dudashop/public_html/loja/admin/view/template/extension/shipping/mercadoenvios5.tpl on line 93
2017-12-16 14:28:32 - PHP Notice:  Undefined variable: citylink_tax_class_id in /home/dudashop/public_html/loja/admin/view/template/extension/shipping/mercadoenvios5.tpl on line 93
2017-12-16 14:33:09 - error_limites
2017-12-16 14:33:18 - Erro MercadoPago #4: Invalid client_id - 11: Invalid client_id
2017-12-16 14:35:56 - error_limites
2017-12-16 14:38:14 - error_limites
2017-12-16 14:38:20 - Erro MercadoPago #5: Invalid client_id - 11: Invalid client_id
2017-12-16 18:45:47 - error_limites
2017-12-16 18:46:44 - MercadoEnvios Medidas: 20x20x20,1000
2017-12-16 18:47:15 - MercadoEnvios Medidas: 21x21x21,1000
2017-12-16 18:47:37 - MercadoEnvios Medidas: 21x21x21,1000
2017-12-16 19:07:27 - PHP Notice:  Undefined index: position in /home/dudashop/public_html/lojapav/admin/controller/extension/module/pavblog.php on line 537
2017-12-16 19:07:27 - PHP Warning:  Invalid argument supplied for foreach() in /home/dudashop/public_html/lojapav/admin/model/pavblog/blog.php on line 207
2017-12-16 19:07:45 - PHP Notice:  Undefined index: position in /home/dudashop/public_html/lojapav/admin/controller/extension/module/pavblog.php on line 537
2017-12-16 19:07:46 - PHP Warning:  Invalid argument supplied for foreach() in /home/dudashop/public_html/lojapav/admin/model/pavblog/blog.php on line 207
2017-12-16 20:06:43 - PHP Notice:  Undefined index: position in /home/dudashop/public_html/lojapav/admin/controller/extension/module/pavblog.php on line 537
2017-12-16 20:06:43 - PHP Warning:  Invalid argument supplied for foreach() in /home/dudashop/public_html/lojapav/admin/model/pavblog/blog.php on line 207
2017-12-16 20:06:47 - PHP Notice:  Undefined index: position in /home/dudashop/public_html/lojapav/admin/controller/extension/module/pavblog.php on line 537
2017-12-16 20:06:47 - PHP Warning:  Invalid argument supplied for foreach() in /home/dudashop/public_html/lojapav/admin/model/pavblog/blog.php on line 207
2017-12-16 23:11:59 - MercadoEnvios Medidas: 21x21x21,1000
2017-12-16 23:12:10 - MercadoEnvios Medidas: 21x21x21,1000
2017-12-16 23:19:15 - MercadoEnvios Medidas: 27x27x27,2000
2017-12-18 3:48:08 - MercadoEnvios Medidas: 20x20x20,1000
2018-05-31 1:22:44 - MercadoEnvios Medidas: 20x20x20,1000
2018-05-31 1:56:50 - MercadoEnvios Medidas: 20x20x20,1000
2018-05-31 2:38:14 - MercadoEnvios Medidas: 20x20x20,1000
2018-05-31 3:01:18 - MercadoEnvios Medidas: 20x20x20,1000
2018-06-28 22:19:48 - MercadoEnvios Medidas: 20x20x20,1000
2018-06-28 22:20:10 - MercadoEnvios Medidas: 20x20x20,1000
2018-07-27 19:29:16 - MercadoEnvios Medidas: 20x20x20,1000
2018-07-27 19:30:59 - MercadoEnvios Medidas: 20x20x20,1000
2018-07-27 19:31:53 - MercadoEnvios Medidas: 20x20x20,1000
2018-07-27 19:33:20 - MercadoEnvios Medidas: 20x20x20,1000
2018-07-27 19:35:13 - MercadoEnvios Medidas: 20x20x20,1000
2018-07-27 19:35:37 - MercadoEnvios Medidas: 20x20x20,1000
2018-07-27 19:37:03 - MercadoEnvios Medidas: 20x20x20,1000
2018-07-27 19:38:28 - MercadoEnvios Medidas: 20x20x20,1000
2018-07-27 19:39:37 - PHP Notice:  Undefined variable: citylink_tax_class_id in /home/mercadoc/public_html/admin/view/template/extension/shipping/mercadoenvios5.tpl on line 93
2018-07-27 19:39:37 - PHP Notice:  Undefined variable: citylink_tax_class_id in /home/mercadoc/public_html/admin/view/template/extension/shipping/mercadoenvios5.tpl on line 93
2018-07-27 19:39:40 - MercadoEnvios Medidas: 20x20x20,1000
2018-07-27 19:39:50 - PHP Notice:  Undefined variable: citylink_tax_class_id in /home/mercadoc/public_html/admin/view/template/extension/shipping/mercadoenvios5.tpl on line 93
2018-07-27 19:39:50 - PHP Notice:  Undefined variable: citylink_tax_class_id in /home/mercadoc/public_html/admin/view/template/extension/shipping/mercadoenvios5.tpl on line 93
2018-09-10 21:42:50 - PHP Warning:  A non-numeric value encountered in /home/felipefe/public_html/projetofelipecampos.com.br/catalog/view/theme/pav_styleshop/template/extension/module/pavproductcarousel.tpl on line 5
2018-09-10 21:42:50 - PHP Warning:  A non-numeric value encountered in /home/felipefe/public_html/projetofelipecampos.com.br/catalog/view/theme/pav_styleshop/template/extension/module/pavproductcarousel.tpl on line 5
2018-09-10 21:42:50 - PHP Warning:  A non-numeric value encountered in /home/felipefe/public_html/projetofelipecampos.com.br/catalog/view/theme/pav_styleshop/template/extension/module/pavproductcarousel.tpl on line 5
2018-09-10 21:42:50 - PHP Warning:  A non-numeric value encountered in /home/felipefe/public_html/projetofelipecampos.com.br/catalog/view/theme/pav_styleshop/template/extension/module/pavproductcarousel.tpl on line 5
2018-09-10 21:42:50 - PHP Warning:  A non-numeric value encountered in /home/felipefe/public_html/projetofelipecampos.com.br/catalog/view/theme/pav_styleshop/template/extension/module/pavproductcarousel.tpl on line 5
2018-09-10 21:42:50 - PHP Warning:  A non-numeric value encountered in /home/felipefe/public_html/projetofelipecampos.com.br/catalog/view/theme/pav_styleshop/template/extension/module/pavproductcarousel.tpl on line 5
2018-09-10 21:42:50 - PHP Warning:  A non-numeric value encountered in /home/felipefe/public_html/projetofelipecampos.com.br/catalog/view/theme/pav_styleshop/template/extension/module/pavproductcarousel.tpl on line 5
2018-09-10 21:42:50 - PHP Warning:  A non-numeric value encountered in /home/felipefe/public_html/projetofelipecampos.com.br/catalog/view/theme/pav_styleshop/template/extension/module/pavproductcarousel.tpl on line 5
2018-09-10 21:43:17 - PHP Warning:  A non-numeric value encountered in /home/felipefe/public_html/projetofelipecampos.com.br/catalog/view/theme/pav_styleshop/template/extension/module/pavproductcarousel.tpl on line 5
2018-09-10 21:43:17 - PHP Warning:  A non-numeric value encountered in /home/felipefe/public_html/projetofelipecampos.com.br/catalog/view/theme/pav_styleshop/template/extension/module/pavproductcarousel.tpl on line 5
2018-09-10 21:43:17 - PHP Warning:  A non-numeric value encountered in /home/felipefe/public_html/projetofelipecampos.com.br/catalog/view/theme/pav_styleshop/template/extension/module/pavproductcarousel.tpl on line 5
2018-09-10 21:43:17 - PHP Warning:  A non-numeric value encountered in /home/felipefe/public_html/projetofelipecampos.com.br/catalog/view/theme/pav_styleshop/template/extension/module/pavproductcarousel.tpl on line 5
2018-09-10 21:43:17 - PHP Warning:  A non-numeric value encountered in /home/felipefe/public_html/projetofelipecampos.com.br/catalog/view/theme/pav_styleshop/template/extension/module/pavproductcarousel.tpl on line 5
2018-09-10 21:43:17 - PHP Warning:  A non-numeric value encountered in /home/felipefe/public_html/projetofelipecampos.com.br/catalog/view/theme/pav_styleshop/template/extension/module/pavproductcarousel.tpl on line 5
2018-09-10 21:43:17 - PHP Warning:  A non-numeric value encountered in /home/felipefe/public_html/projetofelipecampos.com.br/catalog/view/theme/pav_styleshop/template/extension/module/pavproductcarousel.tpl on line 5
2018-09-10 21:43:17 - PHP Warning:  A non-numeric value encountered in /home/felipefe/public_html/projetofelipecampos.com.br/catalog/view/theme/pav_styleshop/template/extension/module/pavproductcarousel.tpl on line 5
2018-09-10 21:56:08 - PHP Notice:  Undefined variable: citylink_tax_class_id in /home/felipefe/public_html/projetofelipecampos.com.br/admin/view/template/extension/shipping/mercadoenvios5.tpl on line 93
2018-09-10 21:56:08 - PHP Notice:  Undefined variable: citylink_tax_class_id in /home/felipefe/public_html/projetofelipecampos.com.br/admin/view/template/extension/shipping/mercadoenvios5.tpl on line 93
2018-09-10 21:56:18 - PHP Notice:  Undefined variable: citylink_tax_class_id in /home/felipefe/public_html/projetofelipecampos.com.br/admin/view/template/extension/shipping/mercadoenvios5.tpl on line 93
2018-09-10 21:56:18 - PHP Notice:  Undefined variable: citylink_tax_class_id in /home/felipefe/public_html/projetofelipecampos.com.br/admin/view/template/extension/shipping/mercadoenvios5.tpl on line 93
2018-09-10 21:57:24 - MercadoEnvios Medidas: 20x20x20,1000
