2018-06-28 22:18:15 - MOD: Modification Default

FILE: system/engine/action.php
REGEX: ~(require|include)(_once)?\(([^)]+)~
LINE: 41

FILE: system/engine/loader.php
REGEX: ~(require|include)(_once)?\(([^)]+)~
LINE: 49
LINE: 108
LINE: 120
LINE: 165

FILE: system/library/config.php
REGEX: ~(require|include)(_once)?\(([^)]+)~
LINE: 23

FILE: system/library/language.php
REGEX: ~(require|include)(_once)?\(([^)]+)~
LINE: 38
LINE: 40
LINE: 49
LINE: 51
LINE: 60
LINE: 62

FILE: system/library/template/php.php
REGEX: ~(require|include)(_once)?\(([^)]+)~
LINE: 18

FILE: system/library/template/tiwg.php
REGEX: ~(require|include)(_once)?\(([^)]+)~
LINE: 24
----------------------------------------------------------------
MOD: MercadoPago Lightbox e MercadoEnvio [Loja5]

FILE: catalog/view/theme/default/template/common/footer.tpl
CODE: </body>
LINE: 55

FILE: catalog/view/theme/pav_styleshop/template/common/footer.tpl
CODE: </body>
LINE: 166

FILE: catalog/controller/checkout/confirm.php
CODE: $this->load->language('checkout/checkout');
LINE: 117
CODE: $this->load->language('checkout/checkout');
LINE: 117
----------------------------------------------------------------
MOD: PagSeguro Transaparente R2S

FILE: catalog/controller/common/footer.php
CODE: $this->load->language('common/footer');
LINE: 25
CODE: </body>
LINE: 60
CODE: </body>
LINE: 171
----------------------------------------------------------------
2018-06-28 22:18:17 - MOD: Modification Default

FILE: system/engine/action.php
REGEX: ~(require|include)(_once)?\(([^)]+)~
LINE: 41

FILE: system/engine/loader.php
REGEX: ~(require|include)(_once)?\(([^)]+)~
LINE: 49
LINE: 108
LINE: 120
LINE: 165

FILE: system/library/config.php
REGEX: ~(require|include)(_once)?\(([^)]+)~
LINE: 23

FILE: system/library/language.php
REGEX: ~(require|include)(_once)?\(([^)]+)~
LINE: 38
LINE: 40
LINE: 49
LINE: 51
LINE: 60
LINE: 62

FILE: system/library/template/php.php
REGEX: ~(require|include)(_once)?\(([^)]+)~
LINE: 18

FILE: system/library/template/tiwg.php
REGEX: ~(require|include)(_once)?\(([^)]+)~
LINE: 24
----------------------------------------------------------------
MOD: MercadoPago Lightbox e MercadoEnvio [Loja5]

FILE: catalog/view/theme/default/template/common/footer.tpl
CODE: </body>
LINE: 55

FILE: catalog/view/theme/pav_styleshop/template/common/footer.tpl
CODE: </body>
LINE: 166

FILE: catalog/controller/checkout/confirm.php
CODE: $this->load->language('checkout/checkout');
LINE: 117
CODE: $this->load->language('checkout/checkout');
LINE: 117
----------------------------------------------------------------
MOD: PagSeguro Transaparente R2S

FILE: catalog/controller/common/footer.php
CODE: $this->load->language('common/footer');
LINE: 25
CODE: </body>
LINE: 60
CODE: </body>
LINE: 171
----------------------------------------------------------------
